<?xml version="1.0" encoding="UTF-8"?>
<!-- Generated by org.testng.reporters.JUnitReportReporter -->
<testsuite hostname="WINDOWS-BF3G247" failures="0" tests="1" name="com.GetTextAttribute.GetTextvsAttribute" time="7.857" errors="0" timestamp="2021-03-21T13:15:07 IST" skipped="0">
  <testcase classname="com.GetTextAttribute.GetTextvsAttribute" name="test1" time="7.857"/>
  <system-out/>
</testsuite> <!-- com.GetTextAttribute.GetTextvsAttribute -->
