<?xml version="1.0" encoding="UTF-8"?>
<!-- Generated by org.testng.reporters.JUnitReportReporter -->
<testsuite hostname="WINDOWS-BF3G247" failures="0" tests="1" name="com.Link.ArrayListLink" time="34.343" errors="0" timestamp="2021-04-01T22:27:27 IST" skipped="0">
  <testcase classname="com.Link.ArrayListLink" name="test1" time="34.343"/>
  <system-out/>
</testsuite> <!-- com.Link.ArrayListLink -->
