<?xml version="1.0" encoding="UTF-8"?>
<!-- Generated by org.testng.reporters.JUnitReportReporter -->
<testsuite hostname="WINDOWS-BF3G247" failures="0" tests="1" name="AlertClass.NotificationPopup" time="18.884" errors="0" timestamp="2021-04-02T21:25:26 IST" skipped="0">
  <testcase classname="AlertClass.NotificationPopup" name="test1" time="18.884"/>
  <system-out/>
</testsuite> <!-- AlertClass.NotificationPopup -->
