<?xml version="1.0" encoding="UTF-8"?>
<!-- Generated by org.testng.reporters.JUnitReportReporter -->
<testsuite hostname="WINDOWS-BF3G247" failures="0" tests="1" name="com.Link.LinTest" time="60.794" errors="0" timestamp="2021-03-30T23:26:03 IST" skipped="0">
  <testcase classname="com.Link.LinTest" name="test1" time="60.794"/>
  <system-out/>
</testsuite> <!-- com.Link.LinTest -->
