<?xml version="1.0" encoding="UTF-8"?>
<!-- Generated by org.testng.reporters.JUnitReportReporter -->
<testsuite hostname="WINDOWS-BF3G247" failures="0" tests="1" name="com.Robot.RobotTest" time="0.327" errors="0" timestamp="2021-03-27T18:59:13 IST" skipped="0">
  <testcase classname="com.Robot.RobotTest" name="test1" time="0.327"/>
  <system-out/>
</testsuite> <!-- com.Robot.RobotTest -->
