<?xml version="1.0" encoding="UTF-8"?>
<!-- Generated by org.testng.reporters.JUnitReportReporter -->
<testsuite hostname="WINDOWS-BF3G247" failures="0" tests="1" name="com.SpecialDropdown.DD1" time="9.190" errors="0" timestamp="2021-03-21T13:48:55 IST" skipped="0">
  <testcase classname="com.SpecialDropdown.DD1" name="test1" time="9.190"/>
  <system-out/>
</testsuite> <!-- com.SpecialDropdown.DD1 -->
