<?xml version="1.0" encoding="UTF-8"?>
<!-- Generated by org.testng.reporters.JUnitReportReporter -->
<testsuite hostname="WINDOWS-BF3G247" failures="0" tests="1" name="com.HeadlessBrowser.HeadlessBrowser" time="7.143" errors="0" timestamp="2021-04-02T17:36:57 IST" skipped="0">
  <testcase classname="com.HeadlessBrowser.HeadlessBrowser" name="test1" time="7.143"/>
  <system-out/>
</testsuite> <!-- com.HeadlessBrowser.HeadlessBrowser -->
