<?xml version="1.0" encoding="UTF-8"?>
<!-- Generated by org.testng.reporters.JUnitReportReporter -->
<testsuite hostname="WINDOWS-BF3G247" failures="0" tests="1" name="com.SpecialDropdown.Bootstrap" time="13.907" errors="0" timestamp="2021-03-21T14:32:45 IST" skipped="0">
  <testcase classname="com.SpecialDropdown.Bootstrap" name="test1" time="13.907"/>
  <system-out/>
</testsuite> <!-- com.SpecialDropdown.Bootstrap -->
