<?xml version="1.0" encoding="UTF-8"?>
<!-- Generated by org.testng.reporters.JUnitReportReporter -->
<testsuite hostname="WINDOWS-BF3G247" failures="0" tests="1" name="com.SpecialDropdown.AutoSuggestDD" time="15.076" errors="0" timestamp="2021-03-21T17:59:52 IST" skipped="0">
  <testcase classname="com.SpecialDropdown.AutoSuggestDD" name="test1" time="15.076"/>
  <system-out/>
</testsuite> <!-- com.SpecialDropdown.AutoSuggestDD -->
