<?xml version="1.0" encoding="UTF-8"?>
<!-- Generated by org.testng.reporters.JUnitReportReporter -->
<testsuite hostname="WINDOWS-BF3G247" failures="0" tests="1" name="AlertClass.AlertClass" time="29.664" errors="0" timestamp="2021-04-02T21:11:01 IST" skipped="0">
  <testcase classname="AlertClass.AlertClass" name="test1" time="29.664"/>
  <system-out/>
</testsuite> <!-- AlertClass.AlertClass -->
