<?xml version="1.0" encoding="UTF-8"?>
<!-- Generated by org.testng.reporters.JUnitReportReporter -->
<testsuite hostname="WINDOWS-BF3G247" failures="0" tests="1" name="AlertClass.BasicAuth" time="13.735" errors="0" timestamp="2021-04-02T21:18:33 IST" skipped="0">
  <testcase classname="AlertClass.BasicAuth" name="test1" time="13.735"/>
  <system-out/>
</testsuite> <!-- AlertClass.BasicAuth -->
